<?xml version="1.0" encoding="UTF-8"?>
<testsuite xmlns:xsi="http://www.w3.org/2001/XMLSchema-instance" xsi:noNamespaceSchemaLocation="https://maven.apache.org/surefire/maven-surefire-plugin/xsd/surefire-test-report.xsd" version="3.0.1" name="runner.TestMyRunner" time="0.879" tests="7" errors="0" skipped="0" failures="0">
  <properties>
    <property name="java.specification.version" value="21"/>
    <property name="sun.cpu.isalist" value="amd64"/>
    <property name="sun.jnu.encoding" value="Cp1252"/>
    <property name="java.class.path" value="C:\Users\aditya.yellapragada\eclipse-workspace\SeleniumApril\TutorialNinja\target\test-classes;C:\Users\aditya.yellapragada\eclipse-workspace\SeleniumApril\TutorialNinja\target\classes;C:\Users\aditya.yellapragada\.m2\repository\io\cucumber\cucumber-java\7.22.0\cucumber-java-7.22.0.jar;C:\Users\aditya.yellapragada\.m2\repository\org\apiguardian\apiguardian-api\1.1.2\apiguardian-api-1.1.2.jar;C:\Users\aditya.yellapragada\.m2\repository\io\cucumber\cucumber-junit\7.22.0\cucumber-junit-7.22.0.jar;C:\Users\aditya.yellapragada\.m2\repository\io\cucumber\cucumber-core\7.22.0\cucumber-core-7.22.0.jar;C:\Users\aditya.yellapragada\.m2\repository\io\cucumber\cucumber-gherkin\7.22.0\cucumber-gherkin-7.22.0.jar;C:\Users\aditya.yellapragada\.m2\repository\io\cucumber\cucumber-gherkin-messages\7.22.0\cucumber-gherkin-messages-7.22.0.jar;C:\Users\aditya.yellapragada\.m2\repository\io\cucumber\gherkin\32.1.0\gherkin-32.1.0.jar;C:\Users\aditya.yellapragada\.m2\repository\io\cucumber\messages\27.2.0\messages-27.2.0.jar;C:\Users\aditya.yellapragada\.m2\repository\io\cucumber\testng-xml-formatter\0.3.1\testng-xml-formatter-0.3.1.jar;C:\Users\aditya.yellapragada\.m2\repository\io\cucumber\query\13.2.0\query-13.2.0.jar;C:\Users\aditya.yellapragada\.m2\repository\io\cucumber\tag-expressions\6.1.2\tag-expressions-6.1.2.jar;C:\Users\aditya.yellapragada\.m2\repository\io\cucumber\cucumber-expressions\18.0.1\cucumber-expressions-18.0.1.jar;C:\Users\aditya.yellapragada\.m2\repository\io\cucumber\datatable\7.22.0\datatable-7.22.0.jar;C:\Users\aditya.yellapragada\.m2\repository\io\cucumber\cucumber-plugin\7.22.0\cucumber-plugin-7.22.0.jar;C:\Users\aditya.yellapragada\.m2\repository\io\cucumber\docstring\7.22.0\docstring-7.22.0.jar;C:\Users\aditya.yellapragada\.m2\repository\io\cucumber\html-formatter\21.10.0\html-formatter-21.10.0.jar;C:\Users\aditya.yellapragada\.m2\repository\io\cucumber\junit-xml-formatter\0.7.1\junit-xml-formatter-0.7.1.jar;C:\Users\aditya.yellapragada\.m2\repository\io\cucumber\ci-environment\10.0.1\ci-environment-10.0.1.jar;C:\Users\aditya.yellapragada\.m2\repository\junit\junit\4.13.2\junit-4.13.2.jar;C:\Users\aditya.yellapragada\.m2\repository\org\hamcrest\hamcrest-core\1.3\hamcrest-core-1.3.jar;"/>
    <property name="java.vm.vendor" value="Eclipse Adoptium"/>
    <property name="sun.arch.data.model" value="64"/>
    <property name="user.variant" value=""/>
    <property name="java.vendor.url" value="https://adoptium.net/"/>
    <property name="user.timezone" value="Asia/Calcutta"/>
    <property name="os.name" value="Windows 11"/>
    <property name="java.vm.specification.version" value="21"/>
    <property name="sun.java.launcher" value="SUN_STANDARD"/>
    <property name="user.country" value="US"/>
    <property name="sun.boot.library.path" value="C:\Users\aditya.yellapragada\Downloads\eclipse-java-2024-12-R-win32-x86_64\eclipse\plugins\org.eclipse.justj.openjdk.hotspot.jre.full.win32.x86_64_21.0.5.v20241023-1957\jre\bin"/>
    <property name="sun.java.command" value="C:\Users\aditya.yellapragada\AppData\Local\Temp\surefire14573590388038730429\surefirebooter-20250429233238594_3.jar C:\Users\aditya.yellapragada\AppData\Local\Temp\surefire14573590388038730429 2025-04-29T23-32-38_288-jvmRun1 surefire-20250429233238594_1tmp surefire_0-20250429233238594_2tmp"/>
    <property name="jdk.debug" value="release"/>
    <property name="surefire.test.class.path" value="C:\Users\aditya.yellapragada\eclipse-workspace\SeleniumApril\TutorialNinja\target\test-classes;C:\Users\aditya.yellapragada\eclipse-workspace\SeleniumApril\TutorialNinja\target\classes;C:\Users\aditya.yellapragada\.m2\repository\io\cucumber\cucumber-java\7.22.0\cucumber-java-7.22.0.jar;C:\Users\aditya.yellapragada\.m2\repository\org\apiguardian\apiguardian-api\1.1.2\apiguardian-api-1.1.2.jar;C:\Users\aditya.yellapragada\.m2\repository\io\cucumber\cucumber-junit\7.22.0\cucumber-junit-7.22.0.jar;C:\Users\aditya.yellapragada\.m2\repository\io\cucumber\cucumber-core\7.22.0\cucumber-core-7.22.0.jar;C:\Users\aditya.yellapragada\.m2\repository\io\cucumber\cucumber-gherkin\7.22.0\cucumber-gherkin-7.22.0.jar;C:\Users\aditya.yellapragada\.m2\repository\io\cucumber\cucumber-gherkin-messages\7.22.0\cucumber-gherkin-messages-7.22.0.jar;C:\Users\aditya.yellapragada\.m2\repository\io\cucumber\gherkin\32.1.0\gherkin-32.1.0.jar;C:\Users\aditya.yellapragada\.m2\repository\io\cucumber\messages\27.2.0\messages-27.2.0.jar;C:\Users\aditya.yellapragada\.m2\repository\io\cucumber\testng-xml-formatter\0.3.1\testng-xml-formatter-0.3.1.jar;C:\Users\aditya.yellapragada\.m2\repository\io\cucumber\query\13.2.0\query-13.2.0.jar;C:\Users\aditya.yellapragada\.m2\repository\io\cucumber\tag-expressions\6.1.2\tag-expressions-6.1.2.jar;C:\Users\aditya.yellapragada\.m2\repository\io\cucumber\cucumber-expressions\18.0.1\cucumber-expressions-18.0.1.jar;C:\Users\aditya.yellapragada\.m2\repository\io\cucumber\datatable\7.22.0\datatable-7.22.0.jar;C:\Users\aditya.yellapragada\.m2\repository\io\cucumber\cucumber-plugin\7.22.0\cucumber-plugin-7.22.0.jar;C:\Users\aditya.yellapragada\.m2\repository\io\cucumber\docstring\7.22.0\docstring-7.22.0.jar;C:\Users\aditya.yellapragada\.m2\repository\io\cucumber\html-formatter\21.10.0\html-formatter-21.10.0.jar;C:\Users\aditya.yellapragada\.m2\repository\io\cucumber\junit-xml-formatter\0.7.1\junit-xml-formatter-0.7.1.jar;C:\Users\aditya.yellapragada\.m2\repository\io\cucumber\ci-environment\10.0.1\ci-environment-10.0.1.jar;C:\Users\aditya.yellapragada\.m2\repository\junit\junit\4.13.2\junit-4.13.2.jar;C:\Users\aditya.yellapragada\.m2\repository\org\hamcrest\hamcrest-core\1.3\hamcrest-core-1.3.jar;"/>
    <property name="sun.cpu.endian" value="little"/>
    <property name="user.home" value="C:\Users\aditya.yellapragada"/>
    <property name="user.language" value="en"/>
    <property name="java.specification.vendor" value="Oracle Corporation"/>
    <property name="java.version.date" value="2024-10-15"/>
    <property name="java.home" value="C:\Users\aditya.yellapragada\Downloads\eclipse-java-2024-12-R-win32-x86_64\eclipse\plugins\org.eclipse.justj.openjdk.hotspot.jre.full.win32.x86_64_21.0.5.v20241023-1957\jre"/>
    <property name="file.separator" value="\"/>
    <property name="basedir" value="C:\Users\aditya.yellapragada\eclipse-workspace\SeleniumApril\TutorialNinja"/>
    <property name="style.color" value="always"/>
    <property name="java.vm.compressedOopsMode" value="Zero based"/>
    <property name="line.separator" value="&#10;"/>
    <property name="java.vm.specification.vendor" value="Oracle Corporation"/>
    <property name="java.specification.name" value="Java Platform API Specification"/>
    <property name="surefire.real.class.path" value="C:\Users\aditya.yellapragada\AppData\Local\Temp\surefire14573590388038730429\surefirebooter-20250429233238594_3.jar"/>
    <property name="user.script" value=""/>
    <property name="sun.management.compiler" value="HotSpot 64-Bit Tiered Compilers"/>
    <property name="java.runtime.version" value="21.0.5+11-LTS"/>
    <property name="user.name" value="aditya.yellapragada"/>
    <property name="stdout.encoding" value="Cp1252"/>
    <property name="path.separator" value=";"/>
    <property name="os.version" value="10.0"/>
    <property name="java.runtime.name" value="OpenJDK Runtime Environment"/>
    <property name="file.encoding" value="UTF-8"/>
    <property name="java.vm.name" value="OpenJDK 64-Bit Server VM"/>
    <property name="java.vendor.version" value="Temurin-21.0.5+11"/>
    <property name="localRepository" value="C:\Users\aditya.yellapragada\.m2\repository"/>
    <property name="java.vendor.url.bug" value="https://github.com/adoptium/adoptium-support/issues"/>
    <property name="java.io.tmpdir" value="C:\Users\ADITYA~1.YEL\AppData\Local\Temp\"/>
    <property name="java.version" value="21.0.5"/>
    <property name="user.dir" value="C:\Users\aditya.yellapragada\eclipse-workspace\SeleniumApril\TutorialNinja"/>
    <property name="os.arch" value="amd64"/>
    <property name="java.vm.specification.name" value="Java Virtual Machine Specification"/>
    <property name="sun.os.patch.level" value=""/>
    <property name="native.encoding" value="Cp1252"/>
    <property name="java.library.path" value="C:\Users\aditya.yellapragada\Downloads\eclipse-java-2024-12-R-win32-x86_64\eclipse\plugins\org.eclipse.justj.openjdk.hotspot.jre.full.win32.x86_64_21.0.5.v20241023-1957\jre\bin;C:\WINDOWS\Sun\Java\bin;C:\WINDOWS\system32;C:\WINDOWS;C:/Users/aditya.yellapragada/OneDrive - Ideagen plc/Desktop/eclipse//plugins/org.eclipse.justj.openjdk.hotspot.jre.full.win32.x86_64_21.0.5.v20241023-1957/jre/bin/server;C:/Users/aditya.yellapragada/OneDrive - Ideagen plc/Desktop/eclipse//plugins/org.eclipse.justj.openjdk.hotspot.jre.full.win32.x86_64_21.0.5.v20241023-1957/jre/bin;C:\Program Files\Python313\Scripts\;C:\Program Files\Python313\;C:\Python312\Scripts\;C:\Python312\;C:\WINDOWS\system32;C:\WINDOWS;C:\WINDOWS\System32\Wbem;C:\WINDOWS\System32\WindowsPowerShell\v1.0\;C:\WINDOWS\System32\OpenSSH\;C:\Program Files (x86)\dotnet-core-uninstall\;C:\Program Files (x86)\Microsoft SQL Server\150\DTS\Binn\;C:\Program Files\Microsoft VS Code\bin;C:\Program Files\nodejs\;C:\ProgramData\chocolatey\bin;C:\Program Files\PowerShell\7\;C:\Users\aditya.yellapragada\AppData\Local\Microsoft\WindowsApps;C:\Users\aditya.yellapragada\AppData\Local\Microsoft\WinGet\Packages\Schniz.fnm_Microsoft.Winget.Source_8wekyb3d8bbwe;C:\Users\aditya.yellapragada\AppData\Local\GitHubDesktop\bin;C:\Users\aditya.yellapragada\AppData\Roaming\npm;C:\Users\aditya.yellapragada\OneDrive - Ideagen plc\Desktop\eclipse;;."/>
    <property name="java.vm.info" value="mixed mode, sharing"/>
    <property name="stderr.encoding" value="Cp1252"/>
    <property name="java.vendor" value="Eclipse Adoptium"/>
    <property name="java.vm.version" value="21.0.5+11-LTS"/>
    <property name="sun.io.unicode.encoding" value="UnicodeLittle"/>
    <property name="java.class.version" value="65.0"/>
  </properties>
  <testcase name="Login with valid user name and password #1" classname="User Login" time="0.089">
    <system-out><![CDATA[
@all @login @validcredentials @smoke @regression @dev
Scenario Outline: Login with valid user name and password &amp#27;[90m# src/test/resources/feature/Login.feature:16&amp#27;[0m
++step3
>>one
  &amp#27;[32mGiven &amp#27;[0m&amp#27;[32mUser navigates to the login page&amp#27;[0m                  &amp#27;[90m# stepDefinition.TestLogin.user_navigates_to_the_login_page()&amp#27;[0m
>>Twoaditya@test.com
  &amp#27;[32mWhen &amp#27;[0m&amp#27;[32mEnter valid email address &amp#27;[0m&amp#27;[32m&amp#27;[1maditya@test.com&amp#27;[0m          &amp#27;[90m# stepDefinition.TestLogin.enter_valid_email_address_valid_email(java.lang.String)&amp#27;[0m
>>Three1234
  &amp#27;[32mAnd &amp#27;[0m&amp#27;[32mEnter Valid password &amp#27;[0m&amp#27;[32m&amp#27;[1m1234&amp#27;[0m                           &amp#27;[90m# stepDefinition.TestLogin.enter_valid_password_again(java.lang.String)&amp#27;[0m
>>Four
  &amp#27;[32mAnd &amp#27;[0m&amp#27;[32mHit login button&amp#27;[0m                                    &amp#27;[90m# stepDefinition.TestLogin.hit_login_button()&amp#27;[0m
>>Five
  &amp#27;[32mThen &amp#27;[0m&amp#27;[32mUser logged on to the home page&amp#27;[0m                    &amp#27;[90m# stepDefinition.TestLogin.user_logged_on_to_the_home_page()&amp#27;[0m
++TearDown001
++TearDown002
++TearDown003
]]></system-out>
  </testcase>
  <testcase name="Login with valid user name and password #2" classname="User Login" time="0.003">
    <system-out><![CDATA[
@all @login @validcredentials @smoke @regression @dev
Scenario Outline: Login with valid user name and password &amp#27;[90m# src/test/resources/feature/Login.feature:17&amp#27;[0m
++step3
>>one
  &amp#27;[32mGiven &amp#27;[0m&amp#27;[32mUser navigates to the login page&amp#27;[0m                  &amp#27;[90m# stepDefinition.TestLogin.user_navigates_to_the_login_page()&amp#27;[0m
>>Twomouli@test.com
  &amp#27;[32mWhen &amp#27;[0m&amp#27;[32mEnter valid email address &amp#27;[0m&amp#27;[32m&amp#27;[1mmouli@test.com&amp#27;[0m           &amp#27;[90m# stepDefinition.TestLogin.enter_valid_email_address_valid_email(java.lang.String)&amp#27;[0m
>>Three1234
  &amp#27;[32mAnd &amp#27;[0m&amp#27;[32mEnter Valid password &amp#27;[0m&amp#27;[32m&amp#27;[1m1234&amp#27;[0m                           &amp#27;[90m# stepDefinition.TestLogin.enter_valid_password_again(java.lang.String)&amp#27;[0m
>>Four
  &amp#27;[32mAnd &amp#27;[0m&amp#27;[32mHit login button&amp#27;[0m                                    &amp#27;[90m# stepDefinition.TestLogin.hit_login_button()&amp#27;[0m
>>Five
  &amp#27;[32mThen &amp#27;[0m&amp#27;[32mUser logged on to the home page&amp#27;[0m                    &amp#27;[90m# stepDefinition.TestLogin.user_logged_on_to_the_home_page()&amp#27;[0m
++TearDown001
++TearDown002
++TearDown003
]]></system-out>
  </testcase>
  <testcase name="Login with valid user name and password #3" classname="User Login" time="0.067">
    <system-out><![CDATA[
@all @login @validcredentials @smoke @regression @dev
Scenario Outline: Login with valid user name and password &amp#27;[90m# src/test/resources/feature/Login.feature:18&amp#27;[0m
++step3
>>one
  &amp#27;[32mGiven &amp#27;[0m&amp#27;[32mUser navigates to the login page&amp#27;[0m                  &amp#27;[90m# stepDefinition.TestLogin.user_navigates_to_the_login_page()&amp#27;[0m
>>Twoshiva@test.com
  &amp#27;[32mWhen &amp#27;[0m&amp#27;[32mEnter valid email address &amp#27;[0m&amp#27;[32m&amp#27;[1mshiva@test.com&amp#27;[0m           &amp#27;[90m# stepDefinition.TestLogin.enter_valid_email_address_valid_email(java.lang.String)&amp#27;[0m
>>Three1234
  &amp#27;[32mAnd &amp#27;[0m&amp#27;[32mEnter Valid password &amp#27;[0m&amp#27;[32m&amp#27;[1m1234&amp#27;[0m                           &amp#27;[90m# stepDefinition.TestLogin.enter_valid_password_again(java.lang.String)&amp#27;[0m
>>Four
  &amp#27;[32mAnd &amp#27;[0m&amp#27;[32mHit login button&amp#27;[0m                                    &amp#27;[90m# stepDefinition.TestLogin.hit_login_button()&amp#27;[0m
>>Five
  &amp#27;[32mThen &amp#27;[0m&amp#27;[32mUser logged on to the home page&amp#27;[0m                    &amp#27;[90m# stepDefinition.TestLogin.user_logged_on_to_the_home_page()&amp#27;[0m
++TearDown001
++TearDown002
++TearDown003
]]></system-out>
  </testcase>
  <testcase name="Login with valid user name and password #4" classname="User Login" time="0.001">
    <system-out><![CDATA[
@all @login @validcredentials @smoke @regression @dev
Scenario Outline: Login with valid user name and password &amp#27;[90m# src/test/resources/feature/Login.feature:19&amp#27;[0m
++step3
>>one
  &amp#27;[32mGiven &amp#27;[0m&amp#27;[32mUser navigates to the login page&amp#27;[0m                  &amp#27;[90m# stepDefinition.TestLogin.user_navigates_to_the_login_page()&amp#27;[0m
>>TwoAnji@test.com
  &amp#27;[32mWhen &amp#27;[0m&amp#27;[32mEnter valid email address &amp#27;[0m&amp#27;[32m&amp#27;[1mAnji@test.com&amp#27;[0m            &amp#27;[90m# stepDefinition.TestLogin.enter_valid_email_address_valid_email(java.lang.String)&amp#27;[0m
>>Three1234
  &amp#27;[32mAnd &amp#27;[0m&amp#27;[32mEnter Valid password &amp#27;[0m&amp#27;[32m&amp#27;[1m1234&amp#27;[0m                           &amp#27;[90m# stepDefinition.TestLogin.enter_valid_password_again(java.lang.String)&amp#27;[0m
>>Four
  &amp#27;[32mAnd &amp#27;[0m&amp#27;[32mHit login button&amp#27;[0m                                    &amp#27;[90m# stepDefinition.TestLogin.hit_login_button()&amp#27;[0m
>>Five
  &amp#27;[32mThen &amp#27;[0m&amp#27;[32mUser logged on to the home page&amp#27;[0m                    &amp#27;[90m# stepDefinition.TestLogin.user_logged_on_to_the_home_page()&amp#27;[0m
++TearDown001
++TearDown002
++TearDown003
]]></system-out>
  </testcase>
  <testcase name="Login with invalid user name and password" classname="User Login" time="0.002">
    <system-out><![CDATA[
@all @login @invalidcredentials @wip
Scenario: Login with invalid user name and password  &amp#27;[90m# src/test/resources/feature/Login.feature:22&amp#27;[0m
++step3
>>one
  &amp#27;[32mGiven &amp#27;[0m&amp#27;[32mUser navigates to the login page&amp#27;[0m             &amp#27;[90m# stepDefinition.TestLogin.user_navigates_to_the_login_page()&amp#27;[0m
>>Two"test999@gmail.com"
  &amp#27;[32mWhen &amp#27;[0m&amp#27;[32mEnter valid email address &amp#27;[0m&amp#27;[32m&amp#27;[1m"test999@gmail.com"&amp#27;[0m &amp#27;[90m# stepDefinition.TestLogin.enter_valid_email_address_valid_email(java.lang.String)&amp#27;[0m
>>Three"1234"
  &amp#27;[32mAnd &amp#27;[0m&amp#27;[32mEnter Valid password &amp#27;[0m&amp#27;[32m&amp#27;[1m"1234"&amp#27;[0m                    &amp#27;[90m# stepDefinition.TestLogin.enter_valid_password_again(java.lang.String)&amp#27;[0m
>>Four
  &amp#27;[32mAnd &amp#27;[0m&amp#27;[32mHit login button&amp#27;[0m                               &amp#27;[90m# stepDefinition.TestLogin.hit_login_button()&amp#27;[0m
>>Six
  &amp#27;[32mThen &amp#27;[0m&amp#27;[32mUser should be able to get a validation&amp#27;[0m       &amp#27;[90m# stepDefinition.TestLogin.user_should_be_able_to_get_a_validation()&amp#27;[0m
++TearDown001
++TearDown002
++TearDown003
]]></system-out>
  </testcase>
  <testcase name="Login with invalid user name and invalid password" classname="User Login" time="0.003">
    <system-out><![CDATA[
@all @login @regression @ignore
Scenario: Login with invalid user name and invalid password &amp#27;[90m# src/test/resources/feature/Login.feature:29&amp#27;[0m
++step3
>>one
  &amp#27;[32mGiven &amp#27;[0m&amp#27;[32mUser navigates to the login page&amp#27;[0m                    &amp#27;[90m# stepDefinition.TestLogin.user_navigates_to_the_login_page()&amp#27;[0m
>>Two"test999@gmail.com"
  &amp#27;[32mWhen &amp#27;[0m&amp#27;[32mEnter valid email address &amp#27;[0m&amp#27;[32m&amp#27;[1m"test999@gmail.com"&amp#27;[0m        &amp#27;[90m# stepDefinition.TestLogin.enter_valid_email_address_valid_email(java.lang.String)&amp#27;[0m
>>Three"123344"
  &amp#27;[32mAnd &amp#27;[0m&amp#27;[32mEnter Valid password &amp#27;[0m&amp#27;[32m&amp#27;[1m"123344"&amp#27;[0m                         &amp#27;[90m# stepDefinition.TestLogin.enter_valid_password_again(java.lang.String)&amp#27;[0m
>>Four
  &amp#27;[32mAnd &amp#27;[0m&amp#27;[32mHit login button&amp#27;[0m                                      &amp#27;[90m# stepDefinition.TestLogin.hit_login_button()&amp#27;[0m
>>Six
  &amp#27;[32mThen &amp#27;[0m&amp#27;[32mUser should be able to get a validation&amp#27;[0m              &amp#27;[90m# stepDefinition.TestLogin.user_should_be_able_to_get_a_validation()&amp#27;[0m
++TearDown001
++TearDown002
++TearDown003
]]></system-out>
  </testcase>
  <testcase name="Login with valid user name and invalid password" classname="User Login" time="0.002">
    <system-out><![CDATA[
@all @login @validcredentials @smoke
Scenario: Login with valid user name and invalid password &amp#27;[90m# src/test/resources/feature/Login.feature:36&amp#27;[0m
++step3
>>one
  &amp#27;[32mGiven &amp#27;[0m&amp#27;[32mUser navigates to the login page&amp#27;[0m                  &amp#27;[90m# stepDefinition.TestLogin.user_navigates_to_the_login_page()&amp#27;[0m
>>Two"test999@gmail.com"
  &amp#27;[32mWhen &amp#27;[0m&amp#27;[32mEnter valid email address &amp#27;[0m&amp#27;[32m&amp#27;[1m"test999@gmail.com"&amp#27;[0m      &amp#27;[90m# stepDefinition.TestLogin.enter_valid_email_address_valid_email(java.lang.String)&amp#27;[0m
>>Three"1239898984"
  &amp#27;[32mAnd &amp#27;[0m&amp#27;[32mEnter Valid password &amp#27;[0m&amp#27;[32m&amp#27;[1m"1239898984"&amp#27;[0m                   &amp#27;[90m# stepDefinition.TestLogin.enter_valid_password_again(java.lang.String)&amp#27;[0m
>>Four
  &amp#27;[32mAnd &amp#27;[0m&amp#27;[32mHit login button&amp#27;[0m                                    &amp#27;[90m# stepDefinition.TestLogin.hit_login_button()&amp#27;[0m
>>Six
  &amp#27;[32mThen &amp#27;[0m&amp#27;[32mUser should be able to get a validation&amp#27;[0m            &amp#27;[90m# stepDefinition.TestLogin.user_should_be_able_to_get_a_validation()&amp#27;[0m
++TearDown001
++TearDown002
++TearDown003
]]></system-out>
  </testcase>
</testsuite>